<?xml version="1.0" encoding="UTF-8"?>
<testsuite name="it.unibo.deathnote.TestDeathNote" tests="5" skipped="0" failures="0" errors="0" timestamp="2024-11-13T17:07:39" hostname="LAPTOP-VIGMCDH8" time="6.269">
  <properties/>
  <testcase name="testRules()" classname="it.unibo.deathnote.TestDeathNote" time="0.025"/>
  <testcase name="testWriteDeathCause()" classname="it.unibo.deathnote.TestDeathNote" time="0.123"/>
  <testcase name="testWriteName()" classname="it.unibo.deathnote.TestDeathNote" time="0.002"/>
  <testcase name="testWriteDetails()" classname="it.unibo.deathnote.TestDeathNote" time="6.109"/>
  <testcase name="testIllegalRule()" classname="it.unibo.deathnote.TestDeathNote" time="0.002"/>
  <system-out><![CDATA[]]></system-out>
  <system-err><![CDATA[]]></system-err>
</testsuite>
