<?xml version="1.0" encoding="UTF-8"?>
<testsuite name="it.unibo.deathnote.TestDeathNote" tests="5" skipped="0" failures="0" errors="0" timestamp="2024-11-13T17:36:38" hostname="LAPTOP-VIGMCDH8" time="6.271">
  <properties/>
  <testcase name="testRules()" classname="it.unibo.deathnote.TestDeathNote" time="0.034"/>
  <testcase name="testWriteDeathCause()" classname="it.unibo.deathnote.TestDeathNote" time="0.111"/>
  <testcase name="testWriteName()" classname="it.unibo.deathnote.TestDeathNote" time="0.001"/>
  <testcase name="testWriteDetails()" classname="it.unibo.deathnote.TestDeathNote" time="6.117"/>
  <testcase name="testIllegalRule()" classname="it.unibo.deathnote.TestDeathNote" time="0.002"/>
  <system-out><![CDATA[]]></system-out>
  <system-err><![CDATA[]]></system-err>
</testsuite>
